commit 991608a403daf909a83899f3734d104be9148d32
Author: Raúl <romanidev@gmail.com>
Date:   Sat Apr 9 01:11:16 2016 -0500

    Avance interfaz cobros
    
    Actualizar objeto desde el frontend con ajax y p:dialog

commit 04e17bd3c97b665d9ab5da145016636ef72444e7
Author: Raúl <romanidev@gmail.com>
Date:   Thu Apr 7 20:25:40 2016 -0500

    Avance interfaz  de historia clínica
    
    JPA persistencia 1 a *

commit e2fedc78da554a78870c3233c62333ef52c8b81a
Author: Raúl <romanidev@gmail.com>
Date:   Tue Apr 5 11:49:02 2016 -0500

    Exito cargar imagen dinamica con ManagedBean y primefaces
    
    Interfaz CRUD Paciente terminado

commit 9b3ef3a5e3125a62bd90c53f86b0860be0d348bc
Author: Raúl <romanidev@gmail.com>
Date:   Sun Mar 27 13:00:07 2016 -0500

    Error Cargar imagen dinamica con Managed Bean
    
    Para continuar otro día

commit 01b419726496306612afba1d772f8244eaa1dda6
Author: Raúl <romanidev@gmail.com>
Date:   Thu Mar 24 06:55:42 2016 -0500

    Menú de ventas terminado
    
    Ventas al contado y en cuotas, EJB=Bussiness layer

commit 25a8a7e5dbfef8098a65bd81f361fd931022aa0f
Author: Raúl <romanidev@gmail.com>
Date:   Tue Mar 15 16:57:36 2016 -0500

    Diseño de interfaces
    
    Diseño con bootstrap 3
